Command: /home/zihanfu/eecs427/pc/build/simv -no_save +UVM_VERDI_TRACE=UVM_AWARE +fsdb+gate=off -ucli2Proc -ucli -l /home/zihanfu/eecs427/pc/build/verdiLog/sim.log
Chronologic VCS simulator copyright 1991-2025
Contains Synopsys proprietary information.
Compiler version X-2025.06-1_Full64; Runtime version X-2025.06-1_Full64;  Nov 19 21:38 2025

ucli% synUtils::getArch
linux64
ucli% loaddl -simv /usr/caen/verdi-2025.06-1/share/PLI/VCS/LINUXAMD64/libnovas.so LoadFSDBDumpCmd;LoadFSDBDumpCmd
LoadFSDBDumpCmd success
ucli% config ckptfsdbcheck off;config endofsim noexit;config onfail {enable all};config followactivescope on;catch {setUcliVerdiConnected};set watch::resultTagsForVerdiBP {<ucli_break_bp_status_begin> <ucli_break_bp_status_end>};set ucliCore::support_restore_through_stask_in_verdi 1;cbug::config pretty_print auto;fsdbDumpfile {/tmp/zihanfu470/inter.fsdb} ;fsdbDumpflush ; 
*Verdi* Loading libsscore_vcs202506.so
FSDB Dumper for VCS, Release Verdi_X-2025.06-1, Linux x86_64/64bit, 07/19/2025
(C) 1996 - 2025 by Synopsys, Inc.
*Verdi* : Create FSDB file '/tmp/zihanfu470/inter.fsdb'
*Verdi* : Flush all FSDB Files at 0 ps.

ucli% synEnv::hasFataled
0
ucli% ucliCore::getToolPID
2830458
ucli% sps_interactive
*Verdi* : Enable RPC Server(2830458)

ucli% ucliCore::getToolPID
2830458
ucli% ucliCore::getToolPID
2830458
ucli% if {[catch {ucliCore::setFocus tool}]} {}

ucli% puts $ucliCore::nativeUcliMode
0

ucli% ucliCore::getToolTopPID
2830458
ucli% pid
2830476
ucli% synUtils::sendTool -active {_icl_createSharedMemory /tmp/vcs_dve_general.zihanfu.2830458 }

ucli% if { [info vars watch::vcbp_str_len_limit_of_get_value] != ""} {set watch::vcbp_str_len_limit_of_get_value 1024}
1024
ucli% info command stateVerdiChangeCB

ucli% proc stateVerdiChangeCB args { if {$ucliGUI::state eq "terminated"} {puts "\n<VERDI_Terminated>\n";catch {setVerdiSimTerminated}}}

ucli% trace variable ucliGUI::state wu stateVerdiChangeCB

ucli% if {[catch {rename synopsys::restore verdiHack::restore} ]} {puts "0"}

ucli% proc synopsys::restore {args} { verdiHack::restore $args; puts "\n<VERDI_RESTORE>\n"}

ucli% if {[catch {rename quit verdiHack::quit} ]} {puts "0"}

ucli% proc quit {args} { if {[string length $args] == 0} { verdiHack::quit; } elseif {([string equal "-h" $args] == 1)||([string equal "-he" $args] == 1)||([string equal "-hel" $args] == 1)||([string equal "-help" $args] == 1)} { puts "\n quit           # Exit the simulation.\n \[-noprompt\]        (Exit the simulation and Verdi.)\n"} elseif {([string equal "-n" $args] == 1)||([string equal "-no" $args] == 1)||([string equal "-nop" $args] == 1)||([string equal "-nopr" $args] == 1)||([string equal "-nopro" $args] == 1)||([string equal "-noprom" $args] == 1)||([string equal "-nopromp" $args] == 1)||([string equal "-noprompt" $args] == 1)} { puts "\nVERDI_EXIT_N\n" } else { verdiHack::quit $args; } }

ucli% if {[catch {rename exit verdiHack::exit} ]} {puts "0"}

ucli% proc exit {args} { if {[string length $args] == 0} { verdiHack::exit; } elseif {([string equal "-h" $args] == 1)||([string equal "-he" $args] == 1)||([string equal "-hel" $args] == 1)||([string equal "-help" $args] == 1)} { puts "\n exit           # Exit the simulation.\n \[-noprompt\]        (Exit the simulation and Verdi.)\n"} elseif {([string equal "-n" $args] == 1)||([string equal "-no" $args] == 1)||([string equal "-nop" $args] == 1)||([string equal "-nopr" $args] == 1)||([string equal "-nopro" $args] == 1)||([string equal "-noprom" $args] == 1)||([string equal "-nopromp" $args] == 1)||([string equal "-noprompt" $args] == 1)} { puts "\nVERDI_EXIT_N\n" } else { verdiHack::exit $args; } }

ucli% proc checkpoint::beforeRecreate {} { sps_interactive }

ucli% if {[catch {ucliCore::setFocus tool}]} {}

ucli% save::getUserdefinedProcs
::stateVerdiChangeCB ::LoadFSDBDumpCmd
ucli% info procs
ipi_get_str fsdbDumpMDAByFile fsdbDumpMDA echo fsdbDumpMemNow fsdbAutoSwitchDumpfile unknown sps_interactive auto_import stat fsdbDumpfile setenv auto_execok pkg_mkIndex stateVerdiChangeCB fsdbDumpSingle proc_body auto_reset ipi_begin fsdbDumpoff getenv fsdbDumplimit fsdbDumpPattern ipi_handle ipi_get_prop fsdbDumpvarsByFile fsdbDumpMDAInScope lminus ipi_sim_get ls auto_load_index proc_args fsdbAddRuntimeSignal fsdbDumpSC print_message_info ridbDump fsdbDumpSVAoff fsdbSuppress fsdbDumpvars help fsdbDumpMDAOnChange ipi_control auto_qualify fsdbDumpMem sourceSavedOnbreakHandler tclPkgUnknown printenv ipi_handle_by_name helpdoc fsdbDumpMemInScope fsdbDumpFinish is_true fsdbDumpon sh fsdbQueryInfo LoadFSDBDumpCmd fsdbDumpPSL fsdbDumpSVA ipi_end wrapperSpecmanSn fsdbDumpSVAon fsdbDumpClassObjectByFile is_false auto_load fsdbDumpPSLon ipi_get_int64 fsdbSubstituteHier ipi_get_value ipi_iterate exit fsdbDumpMemInFile tclLog fsdbDumpflush get_unix_variable mem_debug ipi_scan fsdbDumpPSLoff fsdbDumpClassObject fsdbDumpvarsToFile set_unix_variable bgerror fsdbDumpStrength add_group fsdbSwitchDumpfile source add_wave sos_fsdbDumpvars ipi_set_prop unsetenv fsdbDumpvarsES readline fsdbDisplay ipi_handle_free set_group ipi_get quit define_proc_attributes tclPkgSetup fsdbDumpMDANow ipi_init_play_tcl fsdbDumpIO
ucli% info commands
ipi_get_str cchange subst fsdbDumpMDAByFile pwd cshow guiSource fsdbDumpMDA echo fsdbDumpMemNow fsdbAutoSwitchDumpfile ucliConnectToSharedMem unknown ucliIsScriptPauseByVerdi lrange sps_interactive auto_import setVerdiSimTerminated coverage case stat fsdbDumpfile break setenv dump auto_execok msglog linsert pkg_mkIndex dumplist catch stateVerdiChangeCB mpformat fsdbDumpSingle if join detach_sim halt proc_body abortScriptAfterDetachVerdi report_violations which auto_reset lp_show ipi_begin pause dve_help fsdbDumpoff format getenv listing fsdbDumplimit package binary trace ctimeout onbreak after flush fsdbDumpPattern step restore ipi_handle power continue get_command_option_values force try foreach ipi_get_prop fsdbDumpvarsByFile lrepeat tailcall unset fsdbDumpMDAInScope lminus ipi_sim_get interp write_app_var lindex stack yield ls resetInterruptCount runAfterDetachVerdi eof saif list printvar create_command_group keysFileChangeCB virtual auto_load_index checkpoint proc_args finish fsdbAddRuntimeSignal cgettimeout sexpr lsearch fblocked fsdbDumpSC fanin lappend print_message_info proc cextract ridbDump writelist get_defined_commands cdump fsdbDumpSVAoff fsdbSuppress man set_sig_vas_in_waiting_input fconfigure fsdbDumpvars help fsdbDumpMDAOnChange ipi_control switch auto_qualify fsdbDumpMem mpexpr status sourceSavedOnbreakHandler tclPkgUnknown close printenv ipi_handle_by_name helpdoc thread lreverse set read fsdbDumpMemInScope initAttachableFile unalias fsdbDumpFinish setVerdiAttachable seek while set_cle_options is_true set_message_info writeKeyLog cbug fsdbDumpon find_forces yieldto sh start_verdi load fsdbQueryInfo memory sn vcsExecFuncInSharedObject cenable history puts gdb loadSharedObject tblog assertion resume _synopsys_cci_unalias socket tell open get_message_ids cadd exec pid stop LoadFSDBDumpCmd unloadSharedObject redirect fsdbDumpPSL throw fsdbDumpSVA ipi_end return ace wrapperSpecmanSn error fsdbDumpSVAon split fsdbDumpClassObjectByFile is_false array ucliAttachedByVerdi vbus get lreplace concat coroutine fcopy update parse_proc_arguments report_app_var run search setUcliVerdiStatus for append auto_load fsdbDumpPSLon ucliLaunchVerdi alias logFileChangeCB scan setUcliVerdiConnected apply sdc_check abort set_current_command_mode release zlib chan loads _spw_define_proc_attributes ipi_get_int64 onerror print_suppressed_messages scope fileevent fsdbSubstituteHier inputFileChangeCB regexp resultTagsForVerdiCB set_app_var ipi_get_value cdelete upvar ipi_iterate save encoding onfail exit fsdbDumpMemInFile incr tclLog fsdbDumpflush get_message_info get_unix_variable show senv glob mem_debug ipi_scan GUIsource config fsdbDumpPSLoff time eval lassign fsdbDumpClassObject gets fsdbDumpvarsToFile tcl_exit set_unix_variable restart start change llength variable constraints xprop bgerror fsdbDumpStrength call clock info apropos add_group fsdbSwitchDumpfile ucliDetachVerdi source GUI_tcl_shell_puts global tcheck initreg add_wave report_timing sos_fsdbDumpvars ipi_set_prop next drivers cd file lmap unload namespace loaddl unsetenv get_app_var fsdbDumpvarsES suppress_message vwait readline dict fsdbDisplay uplevel ipi_handle_free date set_group lset rename ipi_get quit sh_list_key_bindings do unsuppress_message define_proc_attributes error_info tclPkgSetup expr printPromptStr regsub onCheckpointCB csave fsdbDumpMDANow dtl_load ipi_init_play_tcl lsort fsdbDumpIO doFileChangeCB _synopsys_cci_alias writeHistoryLog cdisable string
ucli% set ucliCore::resultTagsForVerdi [list <?special_verdi_begin?> <?special_verdi_end?>]
<?special_verdi_begin?> <?special_verdi_end?>
ucli% if {[catch {ucliCore::setFocus tool}]} {}

ucli% if {[catch {get uvm_pkg.UVM_VERSION_STRING} result] == 0} {puts $result}

ucli% senv hasTB
0
ucli% if {[catch {ucliCore::setFocus tool}]} {}

ucli% config reversedebug
off
ucli% if {[catch {ucliCore::setFocus tool}]} {}

ucli% fsdbDumpflush 
*Verdi* : Flush all FSDB Files at 0 ps.

ucli% checkpoint::executionInPast 
0
ucli% if {[catch {ucliCore::setFocus tool}]} {}

ucli% senv
activeDomain: Verilog
activeFile: pc_new_tb.sv
activeFrame: 
activeLine: 7
activeScope: pc_new_tb
activeThread: 
endCol: 0
file: pc_new_tb.sv
frame: 
fsdbFilename: 
hasTB: 0
inputFilename: 
keyFilename: ucli.key
line: 7
logFilename: /home/zihanfu/eecs427/pc/build/verdiLog/sim.log
macroIndex: -1
macroOffset: -1
pid: 2830458
scope: pc_new_tb
startCol: 0
state: stopped
thread: 
time: 0
timePrecision: 1 ps
vcdFilename: 
vpdFilename:
ucli% synUtils::resolveSourceFilename pc_new_tb.sv
/home/zihanfu/eecs427/pc/pc_new_tb.sv
ucli% puts $::ucliCore::cbug_active
0

ucli% if {[catch {ucliCore::setFocus tool}]} {}

ucli% checkpoint -list -all
There are no checkpoints present.
ucli% if {[catch {ucliCore::setFocus tool}]} {}

ucli% stop
No stop points are set
ucli% if {[catch {ucliCore::setFocus tool}]} {}

ucli% fsdbDumpvars 1 "pc_new_tb.pc_new_dut.i_sys_clk"  +all +trace_process;fsdbDumpvars 1 "pc_new_tb.pc_new_dut.i_sys_rstn"  +all +trace_process;fsdbDumpvars 1 "pc_new_tb.pc_new_dut.i_scan_en"  +all +trace_process;fsdbDumpvars 1 "pc_new_tb.pc_new_dut.i_scan_in"  +all +trace_process;fsdbDumpvars 1 "pc_new_tb.pc_new_dut.o_scan_out"  +all +trace_process;fsdbDumpvars 1 "pc_new_tb.pc_new_dut.i_stall"  +all +trace_process;fsdbDumpvars 1 "pc_new_tb.pc_new_dut.i_disp"  +all +trace_process;fsdbDumpvars 1 "pc_new_tb.pc_new_dut.i_rf_addr_n"  +all +trace_process;fsdbDumpvars 1 "pc_new_tb.pc_new_dut.i_bcond"  +all +trace_process;fsdbDumpvars 1 "pc_new_tb.pc_new_dut.i_jump"  +all +trace_process;fsdbDumpvars 1 "pc_new_tb.pc_new_dut.o_pc"  +all +trace_process;fsdbDumpvars 1 "pc_new_tb.pc_new_dut.r_pc"  +all +trace_process;fsdbDumpvars 1 "pc_new_tb.pc_new_dut.r_scan_out"  +all +trace_process;fsdbDumpvars 1 "pc_new_tb.pc_new_dut.w_rf_addr"  +all +trace_process;fsdbDumpvars 1 "pc_new_tb.pc_new_dut.w_pc_plus1"  +all +trace_process;fsdbDumpvars 1 "pc_new_tb.pc_new_dut.w_br_addend"  +all +trace_process;fsdbDumpvars 1 "pc_new_tb.pc_new_dut.w_pc_addout"  +all +trace_process;fsdbDumpvars 1 "pc_new_tb.pc_new_dut.w_pc_next"  +all +trace_process;fsdbDumpflush 
*Verdi* : Dumping the signal (pc_new_tb.pc_new_dut.i_sys_clk).
*Verdi* : Dumping the signal (pc_new_tb.pc_new_dut.i_sys_rstn).
*Verdi* : Dumping the signal (pc_new_tb.pc_new_dut.i_scan_en).
*Verdi* : Dumping the signal (pc_new_tb.pc_new_dut.i_scan_in).
*Verdi* : Dumping the signal (pc_new_tb.pc_new_dut.o_scan_out).
*Verdi* : Dumping the signal (pc_new_tb.pc_new_dut.i_stall).
*Verdi* : Dumping the signal (pc_new_tb.pc_new_dut.i_disp).
*Verdi* : Dumping the signal (pc_new_tb.pc_new_dut.i_rf_addr_n).
*Verdi* : Dumping the signal (pc_new_tb.pc_new_dut.i_bcond).
*Verdi* : Dumping the signal (pc_new_tb.pc_new_dut.i_jump).
*Verdi* : Dumping the signal (pc_new_tb.pc_new_dut.o_pc).
*Verdi* : Dumping the signal (pc_new_tb.pc_new_dut.r_pc).
*Verdi* : Dumping the signal (pc_new_tb.pc_new_dut.r_scan_out).
*Verdi* : Dumping the signal (pc_new_tb.pc_new_dut.w_rf_addr).
*Verdi* : Dumping the signal (pc_new_tb.pc_new_dut.w_pc_plus1).
*Verdi* : Dumping the signal (pc_new_tb.pc_new_dut.w_br_addend).
*Verdi* : Dumping the signal (pc_new_tb.pc_new_dut.w_pc_addout).
*Verdi* : Dumping the signal (pc_new_tb.pc_new_dut.w_pc_next).
*Verdi* : Flush all FSDB Files at 0 ps.

ucli% if {[catch {ucliCore::setFocus tool}]} {}

ucli% fsdbDumpvars 1 "pc_new_tb.r_sys_clk"  +all +trace_process;fsdbDumpvars 1 "pc_new_tb.r_sys_rstn"  +all +trace_process;fsdbDumpvars 1 "pc_new_tb.r_scan_en"  +all +trace_process;fsdbDumpvars 1 "pc_new_tb.r_scan_in"  +all +trace_process;fsdbDumpvars 1 "pc_new_tb.w_scan_out"  +all +trace_process;fsdbDumpvars 1 "pc_new_tb.r_stall"  +all +trace_process;fsdbDumpvars 1 "pc_new_tb.r_disp"  +all +trace_process;fsdbDumpvars 1 "pc_new_tb.r_rf_addr_n"  +all +trace_process;fsdbDumpvars 1 "pc_new_tb.r_bcond"  +all +trace_process;fsdbDumpvars 1 "pc_new_tb.r_jump"  +all +trace_process;fsdbDumpvars 1 "pc_new_tb.r_pc"  +all +trace_process;fsdbDumpvars 1 "pc_new_tb.w_pc"  +all +trace_process;fsdbDumpvars 1 "pc_new_tb.r_pattern_in"  +all +trace_process;fsdbDumpvars 1 "pc_new_tb.r_pattern_out"  +all +trace_process;fsdbDumpflush 
*Verdi* : Dumping the signal (pc_new_tb.r_sys_clk).
*Verdi* : Dumping the signal (pc_new_tb.r_sys_rstn).
*Verdi* : Dumping the signal (pc_new_tb.r_scan_en).
*Verdi* : Dumping the signal (pc_new_tb.r_scan_in).
*Verdi* : Dumping the signal (pc_new_tb.w_scan_out).
*Verdi* : Dumping the signal (pc_new_tb.r_stall).
*Verdi* : Dumping the signal (pc_new_tb.r_disp).
*Verdi* : Dumping the signal (pc_new_tb.r_rf_addr_n).
*Verdi* : Dumping the signal (pc_new_tb.r_bcond).
*Verdi* : Dumping the signal (pc_new_tb.r_jump).
*Verdi* : Dumping the signal (pc_new_tb.r_pc).
*Verdi* : Dumping the signal (pc_new_tb.w_pc).
*Verdi* : Dumping the signal (pc_new_tb.r_pattern_in).
*Verdi* : Dumping the signal (pc_new_tb.r_pattern_out).
*Verdi* : Flush all FSDB Files at 0 ps.

ucli% if {[catch {ucliCore::setFocus tool}]} {}

ucli% run

--- Shifting in pattern 0x00aa ---

--- Shifting out pattern 0x005a ---
$finish called from file "pc_new_tb.sv", line 161.
$finish at simulation time              1390000
Simulation complete, time is 1390000 ps.
pc_new_tb.sv, 161 :     $finish;

ucli% synEnv::hasFataled
0
ucli% ucliCore::getToolPID
2830458
ucli% save::getUserdefinedProcs
::stateVerdiChangeCB ::LoadFSDBDumpCmd
ucli% if {[catch {ucliCore::setFocus tool}]} {}

ucli% fsdbDumpflush 
*Verdi* : Flush all FSDB Files at 1,390,000 ps.

ucli% checkpoint::executionInPast 
0
ucli% if {[catch {ucliCore::setFocus tool}]} {}

ucli% senv
activeDomain: Verilog
activeFile: pc_new_tb.sv
activeFrame: 
activeLine: 161
activeScope: pc_new_tb
activeThread: 
endCol: 0
file: pc_new_tb.sv
frame: 
fsdbFilename: 
hasTB: 0
inputFilename: 
keyFilename: ucli.key
line: 161
logFilename: /home/zihanfu/eecs427/pc/build/verdiLog/sim.log
macroIndex: -1
macroOffset: -1
pid: 2830458
scope: pc_new_tb
startCol: 0
state: stopped
thread: 
time: 1390000
timePrecision: 1 ps
vcdFilename: 
vpdFilename:
ucli% synUtils::resolveSourceFilename pc_new_tb.sv
/home/zihanfu/eecs427/pc/pc_new_tb.sv
ucli% puts $::ucliCore::cbug_active
0

ucli% if {[catch {ucliCore::setFocus tool}]} {}

ucli% checkpoint -list -all
There are no checkpoints present.
ucli% if {[catch {ucliCore::setFocus tool}]} {}

ucli% stop
No stop points are set
ucli% if {[catch {ucliCore::setFocus tool}]} {}

ucli% 